<?xml version="1.0" encoding="utf-8"?><testsuites name="pytest tests"><testsuite name="pytest" errors="0" failures="0" skipped="0" tests="18" time="0.525" timestamp="2026-08-16T18:41:26.500125+00:00" hostname="agent-env-a71ea308-abe7-4707-b88c-2e383a80068a"><testcase classname="tests.test_property_patch_atomicity.TestCombinedAtomicCommit" name="test_combined_patch_commits_name_and_percentage_policy" time="0.078" /><testcase classname="tests.test_property_patch_atomicity.TestCombinedAtomicCommit" name="test_suggestions_reflect_percentage_policy" time="0.012" /><testcase classname="tests.test_property_patch_atomicity.TestCombinedAtomicCommit" name="test_fixed_amount_commit" time="0.044" /><testcase classname="tests.test_property_patch_atomicity.TestCombinedAtomicCommit" name="test_none_clears_value_and_suggestions_zero" time="0.025" /><testcase classname="tests.test_property_patch_atomicity.TestNormalizerBusinessRules" name="test_invalid_deposit_rejected[pct-101]" time="0.006" /><testcase classname="tests.test_property_patch_atomicity.TestNormalizerBusinessRules" name="test_invalid_deposit_rejected[pct-0]" time="0.005" /><testcase classname="tests.test_property_patch_atomicity.TestNormalizerBusinessRules" name="test_invalid_deposit_rejected[fixed-0]" time="0.005" /><testcase classname="tests.test_property_patch_atomicity.TestNormalizerBusinessRules" name="test_invalid_deposit_rejected[fixed-negative]" time="0.005" /><testcase classname="tests.test_property_patch_atomicity.TestNormalizerBusinessRules" name="test_invalid_deposit_rejected[none-with-value]" time="0.004" /><testcase classname="tests.test_property_patch_atomicity.TestNormalizerBusinessRules" name="test_invalid_deposit_rejected[pct-missing-value]" time="0.041" /><testcase classname="tests.test_property_patch_atomicity.TestNormalizerBusinessRules" name="test_value_without_type_rejected" time="0.005" /><testcase classname="tests.test_property_patch_atomicity.TestAtomicRollback" name="test_rollback_leaves_name_and_policy_unchanged" time="0.018" /><testcase classname="tests.test_property_patch_atomicity.TestDtoShapeValidation" name="test_non_numeric_deposit_value_rejected" time="0.008" /><testcase classname="tests.test_property_patch_atomicity.TestDtoShapeValidation" name="test_invalid_enum_rejected" time="0.003" /><testcase classname="tests.test_property_patch_atomicity.TestDtoShapeValidation" name="test_unknown_field_rejected" time="0.003" /><testcase classname="tests.test_property_patch_atomicity.TestDtoShapeValidation" name="test_numeric_string_value_accepted" time="0.071" /><testcase classname="tests.test_property_patch_atomicity.TestAuthorization" name="test_readonly_cannot_patch" time="0.100" /><testcase classname="tests.test_property_patch_atomicity.TestAuthorization" name="test_unauthenticated_patch_rejected" time="0.013" /></testsuite></testsuites>