<?xml version="1.0" encoding="utf-8"?><testsuites name="pytest tests"><testsuite name="pytest" errors="0" failures="0" skipped="0" tests="5" time="0.259" timestamp="2026-08-16T17:22:27.475199+00:00" hostname="agent-env-a71ea308-abe7-4707-b88c-2e383a80068a"><testcase classname="tests.test_group_room_mix_deposit.TestGroupRoomMixDepositNone" name="test_none_policy_returns_200_with_zero_deposit" time="0.084" /><testcase classname="tests.test_group_room_mix_deposit.TestPolicyRegressions" name="test_percentage_policy_produces_positive_deposit" time="0.041" /><testcase classname="tests.test_group_room_mix_deposit.TestPolicyRegressions" name="test_fixed_amount_policy_persists" time="0.059" /><testcase classname="tests.test_group_room_mix_deposit.TestPolicyRegressions" name="test_invalid_percentage_rejected" time="0.004" /><testcase classname="tests.test_group_room_mix_deposit.TestPolicyRegressions" name="test_none_with_positive_value_rejected" time="0.015" /></testsuite></testsuites>