<?xml version="1.0" encoding="utf-8"?><testsuites name="pytest tests"><testsuite name="pytest" errors="0" failures="0" skipped="0" tests="18" time="0.453" timestamp="2026-08-16T18:22:52.848545+00:00" hostname="agent-env-a71ea308-abe7-4707-b88c-2e383a80068a"><testcase classname="tests.test_group_deposit_single_source.TestMigratedSource" name="test_group_deposit_policy_row_exists" time="0.068" /><testcase classname="tests.test_group_deposit_single_source.TestMigratedSource" name="test_legacy_columns_dropped" time="0.004" /><testcase classname="tests.test_group_deposit_single_source.TestFacadeSingleSource" name="test_patch_percentage_reflected_in_property_and_policy" time="0.020" /><testcase classname="tests.test_group_deposit_single_source.TestFacadeSingleSource" name="test_direct_policy_put_visible_through_facade" time="0.010" /><testcase classname="tests.test_group_deposit_single_source.TestFacadeValidation" name="test_percentage_over_100_rejected" time="0.003" /><testcase classname="tests.test_group_deposit_single_source.TestFacadeValidation" name="test_fixed_amount_zero_rejected" time="0.003" /><testcase classname="tests.test_group_deposit_single_source.TestFacadeValidation" name="test_invalid_attempts_did_not_mutate_policy" time="0.004" /><testcase classname="tests.test_group_deposit_single_source.TestFacadeValidation" name="test_fixed_amount_5000_accepted_and_reflected" time="0.015" /><testcase classname="tests.test_group_deposit_single_source.TestFacadeValidation" name="test_none_without_value_accepted_and_zeroed" time="0.015" /><testcase classname="tests.test_group_deposit_single_source.TestGroupRoomMixUsesPolicies" name="test_percentage_reflected_in_suggestions" time="0.047" /><testcase classname="tests.test_group_deposit_single_source.TestGroupRoomMixUsesPolicies" name="test_none_reflected_in_suggestions_no_400" time="0.018" /><testcase classname="tests.test_group_deposit_single_source.TestGroupRoomMixUsesPolicies" name="test_direct_policy_put_reflected_in_suggestions" time="0.017" /><testcase classname="tests.test_group_deposit_single_source.TestFacadeEdgeCases" name="test_value_without_type_rejected" time="0.003" /><testcase classname="tests.test_group_deposit_single_source.TestFacadeEdgeCases" name="test_none_with_value_rejected" time="0.003" /><testcase classname="tests.test_group_deposit_single_source.TestFacadeEdgeCases" name="test_invalid_type_rejected" time="0.041" /><testcase classname="tests.test_group_deposit_single_source.TestFacadeEdgeCases" name="test_patch_is_atomic_when_policy_write_fails" time="0.010" /><testcase classname="tests.test_group_deposit_single_source.TestFacadeEdgeCases" name="test_readonly_cannot_patch_deposit" time="0.060" /><testcase classname="tests.test_group_deposit_single_source.TestFacadeEdgeCases" name="test_unauthenticated_policy_read_rejected" time="0.032" /></testsuite></testsuites>