<?xml version="1.0" encoding="utf-8"?><testsuites name="pytest tests"><testsuite name="pytest" errors="0" failures="0" skipped="0" tests="30" time="1.670" timestamp="2026-08-17T11:24:42.043401+00:00" hostname="agent-env-a71ea308-abe7-4707-b88c-2e383a80068a"><testcase classname="tests.test_gst_engine_1dc.TestTaxRuleCrud" name="test_requires_authentication" time="0.077" /><testcase classname="tests.test_gst_engine_1dc.TestTaxRuleCrud" name="test_rejects_percentage_above_100" time="0.009" /><testcase classname="tests.test_gst_engine_1dc.TestTaxRuleCrud" name="test_rejects_slab_min_above_max" time="0.005" /><testcase classname="tests.test_gst_engine_1dc.TestTaxRuleCrud" name="test_rejects_unknown_charge_type" time="0.003" /><testcase classname="tests.test_gst_engine_1dc.TestTaxRuleCrud" name="test_create_list_update_delete" time="0.053" /><testcase classname="tests.test_gst_engine_1dc.TestRoomChargeGst" name="test_room_charge_intra_state_split_and_totals" time="0.143" /><testcase classname="tests.test_gst_engine_1dc.TestRoomChargeGst" name="test_high_slab_selected_by_per_night_rate" time="0.051" /><testcase classname="tests.test_gst_engine_1dc.TestRoomChargeGst" name="test_slab_upper_boundary_is_inclusive" time="0.092" /><testcase classname="tests.test_gst_engine_1dc.TestManualChargeGst" name="test_no_rule_means_zero_gst" time="0.122" /><testcase classname="tests.test_gst_engine_1dc.TestManualChargeGst" name="test_fnb_auto_gst_5_percent" time="0.018" /><testcase classname="tests.test_gst_engine_1dc.TestManualChargeGst" name="test_explicit_tax_amount_overrides_engine" time="0.033" /><testcase classname="tests.test_gst_engine_1dc.TestManualChargeGst" name="test_inter_state_single_igst_component" time="0.017" /><testcase classname="tests.test_gst_engine_1dc.TestManualChargeGst" name="test_effective_dating_picks_rule_by_charge_date" time="0.035" /><testcase classname="tests.test_gst_engine_1dc.TestManualChargeGst" name="test_cents_safe_odd_rate" time="0.018" /><testcase classname="tests.test_gst_engine_1dc.TestManualChargeGst" name="test_folio_totals_breakdown_matches_line_snapshots" time="0.007" /><testcase classname="tests.test_gst_engine_1dc.TestSnapshotFreezeAndReversal" name="test_rule_change_does_not_alter_historical_charge" time="0.066" /><testcase classname="tests.test_gst_engine_1dc.TestSnapshotFreezeAndReversal" name="test_deleted_rule_keeps_history_and_stops_new_gst" time="0.100" /><testcase classname="tests.test_gst_engine_1dc.TestSnapshotFreezeAndReversal" name="test_amendment_reversal_negates_snapshot" time="0.096" /><testcase classname="tests.test_gst_engine_1dc.TestInvariantsAfterRun" name="test_no_inventory_invariant_violations" time="0.032" /><testcase classname="tests.test_gst_engine_1dc.TestInvariantsAfterRun" name="test_no_orphan_tax_snapshot_rows" time="0.046" /><testcase classname="tests.test_gst_engine_1dc.TestRuleResolutionEdgeCases" name="test_rejects_negative_percentage" time="0.004" /><testcase classname="tests.test_gst_engine_1dc.TestRuleResolutionEdgeCases" name="test_rejects_three_decimal_percentage" time="0.003" /><testcase classname="tests.test_gst_engine_1dc.TestRuleResolutionEdgeCases" name="test_unknown_property_returns_404" time="0.003" /><testcase classname="tests.test_gst_engine_1dc.TestRuleResolutionEdgeCases" name="test_inactive_rule_is_not_applied" time="0.070" /><testcase classname="tests.test_gst_engine_1dc.TestRuleResolutionEdgeCases" name="test_manual_slab_basis_is_per_unit_not_line_total" time="0.028" /><testcase classname="tests.test_gst_engine_1dc.TestRuleResolutionEdgeCases" name="test_more_specific_slab_rule_wins_tie_break" time="0.056" /><testcase classname="tests.test_gst_engine_1dc.TestRuleResolutionEdgeCases" name="test_effective_from_boundary_day_uses_new_rule" time="0.023" /><testcase classname="tests.test_gst_engine_1dc.TestRuleResolutionEdgeCases" name="test_zero_amount_charge_has_no_snapshot" time="0.019" /><testcase classname="tests.test_gst_engine_1dc.TestTaxRuleRbac" name="test_readonly_can_list" time="0.069" /><testcase classname="tests.test_gst_engine_1dc.TestTaxRuleRbac" name="test_readonly_cannot_create" time="0.337" /></testsuite></testsuites>