<?xml version="1.0" encoding="utf-8"?><testsuites name="pytest tests"><testsuite name="pytest" errors="0" failures="0" skipped="0" tests="17" time="1.340" timestamp="2026-08-16T21:14:53.519301+00:00" hostname="agent-env-a71ea308-abe7-4707-b88c-2e383a80068a"><testcase classname="tests.test_inventory_engine.TestFixtureBaseline" name="test_suite_capacity_is_five_active_rooms" time="0.034" /><testcase classname="tests.test_inventory_engine.TestFixtureBaseline" name="test_target_night_is_clean" time="0.067" /><testcase classname="tests.test_inventory_engine.TestReconciliationEndpoint" name="test_requires_auth" time="0.004" /><testcase classname="tests.test_inventory_engine.TestReconciliationEndpoint" name="test_rejects_invalid_property_uuid" time="0.062" /><testcase classname="tests.test_inventory_engine.TestReconciliationEndpoint" name="test_response_shape" time="0.005" /><testcase classname="tests.test_inventory_engine.TestReconciliationEndpoint" name="test_is_read_only_identical_counts_across_two_calls" time="0.075" /><testcase classname="tests.test_inventory_engine.TestOverbookingAndRelease" name="test_first_five_creates_succeed" time="0.105" /><testcase classname="tests.test_inventory_engine.TestOverbookingAndRelease" name="test_sixth_create_rejected_with_409_inventory_unavailable" time="0.072" /><testcase classname="tests.test_inventory_engine.TestOverbookingAndRelease" name="test_repeated_overbooking_attempts_never_exceed_capacity" time="0.095" /><testcase classname="tests.test_inventory_engine.TestOverbookingAndRelease" name="test_cancel_releases_one_unit" time="0.075" /><testcase classname="tests.test_inventory_engine.TestOverbookingAndRelease" name="test_new_create_succeeds_after_release" time="0.074" /><testcase classname="tests.test_inventory_engine.TestOverbookingAndRelease" name="test_full_again_after_backfill" time="0.008" /><testcase classname="tests.test_inventory_engine.TestConcurrentLastUnit" name="test_fill_to_one_remaining" time="0.103" /><testcase classname="tests.test_inventory_engine.TestConcurrentLastUnit" name="test_parallel_creates_sell_last_unit_once" time="0.144" /><testcase classname="tests.test_inventory_engine.TestLifecycleRegression" name="test_create_confirm_cancel" time="0.118" /><testcase classname="tests.test_inventory_engine.TestCleanup" name="test_cancel_all_created_reservations" time="0.212" /><testcase classname="tests.test_inventory_engine.TestCleanup" name="test_no_residual_discrepancies_for_test_night" time="0.006" /></testsuite></testsuites>