<?xml version="1.0" encoding="utf-8"?><testsuites name="pytest tests"><testsuite name="pytest" errors="0" failures="1" skipped="0" tests="36" time="0.488" timestamp="2026-08-16T17:54:08.257345+00:00" hostname="agent-env-a71ea308-abe7-4707-b88c-2e383a80068a"><testcase classname="tests.test_property_policies_billing_config.TestDepositPolicies" name="test_group_deposit_fixed_amount" time="0.096" /><testcase classname="tests.test_property_policies_billing_config.TestDepositPolicies" name="test_individual_deposit_percentage" time="0.012" /><testcase classname="tests.test_property_policies_billing_config.TestDepositPolicies" name="test_percentage_above_100_rejected" time="0.013" /><testcase classname="tests.test_property_policies_billing_config.TestDepositPolicies" name="test_deposit_mode_none_without_value" time="0.015" /><testcase classname="tests.test_property_policies_billing_config.TestDepositPolicies" name="test_deposit_mode_required" time="0.005" /><testcase classname="tests.test_property_policies_billing_config.TestChargePolicies" name="test_cancellation_first_night_with_cutoff" time="0.010" /><testcase classname="tests.test_property_policies_billing_config.TestChargePolicies" name="test_cancellation_percentage_over_100_rejected" time="0.007" /><testcase classname="tests.test_property_policies_billing_config.TestChargePolicies" name="test_first_night_not_allowed_for_fee_policies" time="0.004" /><testcase classname="tests.test_property_policies_billing_config.TestChargePolicies" name="test_late_checkout_fixed_amount_with_grace" time="0.012" /><testcase classname="tests.test_property_policies_billing_config.TestChargePolicies" name="test_no_show_first_night_allowed" time="0.009" /><testcase classname="tests.test_property_policies_billing_config.TestChargePolicies" name="test_charge_mode_required" time="0.004" /><testcase classname="tests.test_property_policies_billing_config.TestChargePolicies" name="test_percentage_requires_value" time="0.005" /><testcase classname="tests.test_property_policies_billing_config.TestStrictValidation" name="test_deposit_policy_rejects_charge_field" time="0.005" /><testcase classname="tests.test_property_policies_billing_config.TestStrictValidation" name="test_no_show_rejects_cancellation_cutoff" time="0.004" /><testcase classname="tests.test_property_policies_billing_config.TestStrictValidation" name="test_charge_policy_rejects_deposit_field" time="0.004" /><testcase classname="tests.test_property_policies_billing_config.TestStrictValidation" name="test_cancellation_rejects_grace_minutes" time="0.005" /><testcase classname="tests.test_property_policies_billing_config.TestStrictValidation" name="test_unknown_field_rejected" time="0.004" /><testcase classname="tests.test_property_policies_billing_config.TestStrictValidation" name="test_invalid_policy_type_in_url" time="0.003" /><testcase classname="tests.test_property_policies_billing_config.TestStrictValidation" name="test_invalid_policy_type_in_url_get" time="0.002" /><testcase classname="tests.test_property_policies_billing_config.TestStrictValidation" name="test_invalid_property_uuid" time="0.002" /><testcase classname="tests.test_property_policies_billing_config.TestStrictValidation" name="test_unknown_rate_plan_id_should_not_500" time="0.018"><failure message="AssertionError: Unhandled FK violation -&gt; 500: {&quot;success&quot;:false,&quot;error&quot;:{&quot;code&quot;:&quot;DATABASE_ERROR&quot;,&quot;message&quot;:&quot;Database error&quot;,&quot;details&quot;:[],&quot;path&quot;:&quot;/api/v1/properties/9d0680c0-89b0-41d5-ae06-b08cd7bedeae/policies/GROUP_DEPOSIT&quot;,&quot;method&quot;:&quot;PUT&quot;,&quot;timestamp&quot;:&quot;2026-08-16T17:54:08.600Z&quot;,&quot;requestId&quot;:&quot;e566b17c-24ed-4e9e-8f52-11bba57b8588&quot;}}&#10;assert 500 &lt; 500&#10; +  where 500 = &lt;Response [500]&gt;.status_code">E   AssertionError: Unhandled FK violation -&gt; 500: {"success":false,"error":{"code":"DATABASE_ERROR","message":"Database error","details":[],"path":"/api/v1/properties/9d0680c0-89b0-41d5-ae06-b08cd7bedeae/policies/GROUP_DEPOSIT","method":"PUT","timestamp":"2026-08-16T17:54:08.600Z","requestId":"e566b17c-24ed-4e9e-8f52-11bba57b8588"}}
    assert 500 &lt; 500
     +  where 500 = &lt;Response [500]&gt;.status_code</failure></testcase><testcase classname="tests.test_property_policies_billing_config.TestStrictValidation" name="test_get_missing_policy_returns_null" time="0.003" /><testcase classname="tests.test_property_policies_billing_config.TestStrictValidation" name="test_unknown_property_id" time="0.003" /><testcase classname="tests.test_property_policies_billing_config.TestPolicyListing" name="test_list_policies" time="0.003" /><testcase classname="tests.test_property_policies_billing_config.TestBillingConfig" name="test_upsert_and_get" time="0.009" /><testcase classname="tests.test_property_policies_billing_config.TestBillingConfig" name="test_invalid_financial_year_month" time="0.003" /><testcase classname="tests.test_property_policies_billing_config.TestBillingConfig" name="test_invalid_next_invoice_number" time="0.003" /><testcase classname="tests.test_property_policies_billing_config.TestBillingConfig" name="test_unknown_field_rejected" time="0.004" /><testcase classname="tests.test_property_policies_billing_config.TestBillingConfig" name="test_invalid_prefix_characters" time="0.003" /><testcase classname="tests.test_property_policies_billing_config.TestBillingConfig" name="test_config_persisted_after_invalid_attempts" time="0.003" /><testcase classname="tests.test_property_policies_billing_config.TestBusinessDay" name="test_property_exposes_business_day_cutoff" time="0.003" /><testcase classname="tests.test_property_policies_billing_config.TestRbac" name="test_readonly_cannot_put_policy" time="0.086" /><testcase classname="tests.test_property_policies_billing_config.TestRbac" name="test_readonly_can_get_policies" time="0.005" /><testcase classname="tests.test_property_policies_billing_config.TestRbac" name="test_readonly_cannot_put_billing_config" time="0.003" /><testcase classname="tests.test_property_policies_billing_config.TestRbac" name="test_readonly_can_get_billing_config" time="0.005" /><testcase classname="tests.test_property_policies_billing_config.TestRbac" name="test_unauthenticated_rejected" time="0.002" /></testsuite></testsuites>