<?xml version="1.0" encoding="utf-8"?><testsuites name="pytest tests"><testsuite name="pytest" errors="0" failures="0" skipped="0" tests="14" time="3.222" timestamp="2026-08-17T10:46:21.667230+00:00" hostname="agent-env-a71ea308-abe7-4707-b88c-2e383a80068a"><testcase classname="tests.test_folio_auto_reconcile_1db.TestSnapshotPricingPrecondition" name="test_priced_snapshot_precondition" time="0.217" /><testcase classname="tests.test_folio_auto_reconcile_1db.TestUpdateAmendmentAutoReconcile" name="test_date_change_reverses_and_reposts" time="0.124" /><testcase classname="tests.test_folio_auto_reconcile_1db.TestUpdateAmendmentAutoReconcile" name="test_rate_plan_change_reconciles_to_new_rate" time="0.118" /><testcase classname="tests.test_folio_auto_reconcile_1db.TestUpdateAmendmentAutoReconcile" name="test_operational_only_edit_no_reconcile" time="0.129" /><testcase classname="tests.test_folio_auto_reconcile_1db.TestUpdateAmendmentAutoReconcile" name="test_commercial_noop_is_idempotent" time="0.139" /><testcase classname="tests.test_folio_auto_reconcile_1db.TestUpdateAmendmentAutoReconcile" name="test_manual_endpoint_is_noop_after_auto_reconcile" time="0.087" /><testcase classname="tests.test_folio_auto_reconcile_1db.TestLegacyAndNoFolio" name="test_legacy_manual_charge_untouched" time="0.113" /><testcase classname="tests.test_folio_auto_reconcile_1db.TestLegacyAndNoFolio" name="test_amendment_without_folio_creates_no_folio" time="0.091" /><testcase classname="tests.test_folio_auto_reconcile_1db.TestExtendStayAutoReconcile" name="test_extend_stay_reconciles_folio" time="0.135" /><testcase classname="tests.test_folio_auto_reconcile_1db.TestTransactionalRollback" name="test_restriction_rejection_rolls_back_everything" time="0.210" /><testcase classname="tests.test_folio_auto_reconcile_1db.TestInventoryInvariant" name="test_no_inventory_violations" time="0.033" /><testcase classname="tests.test_folio_auto_reconcile_1db_edge.TestUnpricedAmendment" name="test_room_type_change_without_applicable_plan_is_rejected" time="0.269" /><testcase classname="tests.test_folio_auto_reconcile_1db_edge.TestNonOpenFolio" name="test_settled_folio_not_reconciled" time="0.232" /><testcase classname="tests.test_folio_auto_reconcile_1db_edge.TestAuditAttribution" name="test_reversal_and_repost_actor_attribution" time="1.250" /></testsuite></testsuites>