<?xml version="1.0" encoding="utf-8"?><testsuites name="pytest tests"><testsuite name="pytest" errors="0" failures="0" skipped="0" tests="61" time="8.344" timestamp="2026-08-01T05:45:13.007362+00:00" hostname="agent-env-74a8720a-4322-499a-bf79-47af279c926d"><testcase classname="tests.stayos_regression_test.TestAuth" name="test_login_each_role[owner-owner@stayos.local]" time="0.203" /><testcase classname="tests.stayos_regression_test.TestAuth" name="test_login_each_role[admin-admin@stayos.local]" time="0.143" /><testcase classname="tests.stayos_regression_test.TestAuth" name="test_login_each_role[manager-manager@stayos.local]" time="0.149" /><testcase classname="tests.stayos_regression_test.TestAuth" name="test_login_each_role[frontdesk-frontdesk@stayos.local]" time="0.157" /><testcase classname="tests.stayos_regression_test.TestAuth" name="test_login_each_role[housekeeping-housekeeping@stayos.local]" time="0.144" /><testcase classname="tests.stayos_regression_test.TestAuth" name="test_login_each_role[accounts-accounts@stayos.local]" time="0.141" /><testcase classname="tests.stayos_regression_test.TestAuth" name="test_login_each_role[maintenance-maintenance@stayos.local]" time="0.142" /><testcase classname="tests.stayos_regression_test.TestAuth" name="test_wrong_password_401" time="0.142" /><testcase classname="tests.stayos_regression_test.TestAuth" name="test_unknown_user_401" time="0.103" /><testcase classname="tests.stayos_regression_test.TestAuth" name="test_unauthenticated_property_endpoint_401" time="0.736" /><testcase classname="tests.stayos_regression_test.TestAuth" name="test_invalid_token_401" time="0.098" /><testcase classname="tests.stayos_regression_test.TestPermissionGating" name="test_housekeeping_cannot_read_folios" time="0.252" /><testcase classname="tests.stayos_regression_test.TestPermissionGating" name="test_housekeeping_cannot_list_users" time="0.251" /><testcase classname="tests.stayos_regression_test.TestPermissionGating" name="test_housekeeping_can_read_dashboard" time="0.257" /><testcase classname="tests.stayos_regression_test.TestPermissionGating" name="test_frontdesk_can_read_core_modules" time="0.248" /><testcase classname="tests.stayos_regression_test.TestPermissionGating" name="test_frontdesk_can_access_housekeeping_board" time="0.046" /><testcase classname="tests.stayos_regression_test.TestPermissionGating" name="test_cross_property_access_blocked" time="0.046" /><testcase classname="tests.stayos_regression_test.TestGuests" name="test_list_guests" time="0.050" /><testcase classname="tests.stayos_regression_test.TestGuests" name="test_create_update_and_fetch_guest" time="0.182" /><testcase classname="tests.stayos_regression_test.TestGuests" name="test_create_guest_validation" time="0.042" /><testcase classname="tests.stayos_regression_test.TestGuests" name="test_guest_not_found" time="0.042" /><testcase classname="tests.stayos_regression_test.TestRoomsAndAvailability" name="test_rooms_list_has_status" time="0.057" /><testcase classname="tests.stayos_regression_test.TestRoomsAndAvailability" name="test_room_detail" time="0.090" /><testcase classname="tests.stayos_regression_test.TestRoomsAndAvailability" name="test_room_board" time="0.054" /><testcase classname="tests.stayos_regression_test.TestRoomsAndAvailability" name="test_available_rooms_query" time="0.095" /><testcase classname="tests.stayos_regression_test.TestRoomsAndAvailability" name="test_available_rooms_validation" time="0.045" /><testcase classname="tests.stayos_regression_test.TestReservationLifecycle" name="test_01_list_reservations" time="0.050" /><testcase classname="tests.stayos_regression_test.TestReservationLifecycle" name="test_02_create_reservation" time="0.281" /><testcase classname="tests.stayos_regression_test.TestReservationLifecycle" name="test_03_create_reservation_validation" time="0.042" /><testcase classname="tests.stayos_regression_test.TestReservationLifecycle" name="test_04_check_in_workspace" time="0.045" /><testcase classname="tests.stayos_regression_test.TestReservationLifecycle" name="test_05a_check_in_prerequisites" time="0.291" /><testcase classname="tests.stayos_regression_test.TestReservationLifecycle" name="test_05_check_in" time="0.095" /><testcase classname="tests.stayos_regression_test.TestReservationLifecycle" name="test_06_folio_for_reservation" time="0.050" /><testcase classname="tests.stayos_regression_test.TestReservationLifecycle" name="test_07_extend_stay" time="0.093" /><testcase classname="tests.stayos_regression_test.TestReservationLifecycle" name="test_08_extend_stay_invalid_earlier_date" time="0.043" /><testcase classname="tests.stayos_regression_test.TestReservationLifecycle" name="test_09_move_room" time="0.192" /><testcase classname="tests.stayos_regression_test.TestReservationLifecycle" name="test_10_add_charge_and_payment" time="0.241" /><testcase classname="tests.stayos_regression_test.TestReservationLifecycle" name="test_11_charge_validation" time="0.043" /><testcase classname="tests.stayos_regression_test.TestReservationLifecycle" name="test_12_receipt_pdf" time="0.057" /><testcase classname="tests.stayos_regression_test.TestReservationLifecycle" name="test_13_razorpay_order" time="0.087" /><testcase classname="tests.stayos_regression_test.TestReservationLifecycle" name="test_14_check_out" time="0.192" /><testcase classname="tests.stayos_regression_test.TestBilling" name="test_folios_list" time="0.046" /><testcase classname="tests.stayos_regression_test.TestBilling" name="test_billing_overview_kpis" time="0.045" /><testcase classname="tests.stayos_regression_test.TestBilling" name="test_folio_not_found" time="0.042" /><testcase classname="tests.stayos_regression_test.TestBilling" name="test_accounts_role_can_manage_billing" time="0.286" /><testcase classname="tests.stayos_regression_test.TestHousekeeping" name="test_dashboard_groups" time="0.250" /><testcase classname="tests.stayos_regression_test.TestHousekeeping" name="test_full_room_workflow_roundtrip" time="0.397" /><testcase classname="tests.stayos_regression_test.TestHousekeeping" name="test_needs_attention" time="0.054" /><testcase classname="tests.stayos_regression_test.TestHousekeeping" name="test_staff_access_enable_and_token_worklist" time="0.493" /><testcase classname="tests.stayos_regression_test.TestHousekeeping" name="test_staff_access_token_invalid" time="0.097" /><testcase classname="tests.stayos_regression_test.TestSettingsAndReports" name="test_owner_users_and_employees" time="0.132" /><testcase classname="tests.stayos_regression_test.TestSettingsAndReports" name="test_employees_department_filter" time="0.046" /><testcase classname="tests.stayos_regression_test.TestSettingsAndReports" name="test_reports_endpoints" time="0.229" /><testcase classname="tests.stayos_regression_test.TestIteration3Fixes" name="test_fix1_frontdesk_housekeeping_dashboard_200" time="0.045" /><testcase classname="tests.stayos_regression_test.TestIteration3Fixes" name="test_fix1_frontdesk_housekeeping_rooms_and_attention" time="0.104" /><testcase classname="tests.stayos_regression_test.TestIteration3Fixes" name="test_fix1_frontdesk_employees_view" time="0.045" /><testcase classname="tests.stayos_regression_test.TestIteration3Fixes" name="test_fix2_razorpay_order_returns_503_not_500" time="0.090" /><testcase classname="tests.stayos_regression_test.TestIteration3Fixes" name="test_fix2_razorpay_config_reports_unconfigured" time="0.088" /><testcase classname="tests.stayos_regression_test.TestIteration3Fixes" name="test_fix4_no_plaintext_credentials_in_employees_page" time="0.000" /><testcase classname="tests.stayos_regression_test.TestIteration3Fixes" name="test_fix7_no_duplicate_hindi_chip" time="0.000" /><testcase classname="tests.stayos_regression_test.TestIteration3Fixes" name="test_fix8_login_testids_present" time="0.002" /></testsuite></testsuites>