<?xml version="1.0" encoding="utf-8"?><testsuites name="pytest tests"><testsuite name="pytest" errors="0" failures="2" skipped="0" tests="53" time="8.542" timestamp="2026-08-01T05:03:28.359753+00:00" hostname="agent-env-74a8720a-4322-499a-bf79-47af279c926d"><testcase classname="tests.stayos_regression_test.TestAuth" name="test_login_each_role[owner-owner@stayos.local]" time="0.181" /><testcase classname="tests.stayos_regression_test.TestAuth" name="test_login_each_role[admin-admin@stayos.local]" time="0.147" /><testcase classname="tests.stayos_regression_test.TestAuth" name="test_login_each_role[manager-manager@stayos.local]" time="0.144" /><testcase classname="tests.stayos_regression_test.TestAuth" name="test_login_each_role[frontdesk-frontdesk@stayos.local]" time="0.189" /><testcase classname="tests.stayos_regression_test.TestAuth" name="test_login_each_role[housekeeping-housekeeping@stayos.local]" time="0.177" /><testcase classname="tests.stayos_regression_test.TestAuth" name="test_login_each_role[accounts-accounts@stayos.local]" time="0.164" /><testcase classname="tests.stayos_regression_test.TestAuth" name="test_login_each_role[maintenance-maintenance@stayos.local]" time="0.222" /><testcase classname="tests.stayos_regression_test.TestAuth" name="test_wrong_password_401" time="0.149" /><testcase classname="tests.stayos_regression_test.TestAuth" name="test_unknown_user_401" time="0.115" /><testcase classname="tests.stayos_regression_test.TestAuth" name="test_unauthenticated_property_endpoint_401" time="0.761" /><testcase classname="tests.stayos_regression_test.TestAuth" name="test_invalid_token_401" time="0.100" /><testcase classname="tests.stayos_regression_test.TestPermissionGating" name="test_housekeeping_cannot_read_folios" time="0.264" /><testcase classname="tests.stayos_regression_test.TestPermissionGating" name="test_housekeeping_cannot_list_users" time="0.257" /><testcase classname="tests.stayos_regression_test.TestPermissionGating" name="test_housekeeping_can_read_dashboard" time="0.260" /><testcase classname="tests.stayos_regression_test.TestPermissionGating" name="test_frontdesk_can_read_core_modules" time="0.261" /><testcase classname="tests.stayos_regression_test.TestPermissionGating" name="test_frontdesk_can_access_housekeeping_board" time="0.048"><failure message="AssertionError: FRONT_DESK denied housekeeping dashboard -&gt; 403&#10;assert 403 == 200&#10; +  where 403 = &lt;Response [403]&gt;.status_code">E   AssertionError: FRONT_DESK denied housekeeping dashboard -&gt; 403
    assert 403 == 200
     +  where 403 = &lt;Response [403]&gt;.status_code</failure></testcase><testcase classname="tests.stayos_regression_test.TestPermissionGating" name="test_cross_property_access_blocked" time="0.048" /><testcase classname="tests.stayos_regression_test.TestGuests" name="test_list_guests" time="0.050" /><testcase classname="tests.stayos_regression_test.TestGuests" name="test_create_update_and_fetch_guest" time="0.207" /><testcase classname="tests.stayos_regression_test.TestGuests" name="test_create_guest_validation" time="0.047" /><testcase classname="tests.stayos_regression_test.TestGuests" name="test_guest_not_found" time="0.048" /><testcase classname="tests.stayos_regression_test.TestRoomsAndAvailability" name="test_rooms_list_has_status" time="0.051" /><testcase classname="tests.stayos_regression_test.TestRoomsAndAvailability" name="test_room_detail" time="0.099" /><testcase classname="tests.stayos_regression_test.TestRoomsAndAvailability" name="test_room_board" time="0.058" /><testcase classname="tests.stayos_regression_test.TestRoomsAndAvailability" name="test_available_rooms_query" time="0.102" /><testcase classname="tests.stayos_regression_test.TestRoomsAndAvailability" name="test_available_rooms_validation" time="0.047" /><testcase classname="tests.stayos_regression_test.TestReservationLifecycle" name="test_01_list_reservations" time="0.057" /><testcase classname="tests.stayos_regression_test.TestReservationLifecycle" name="test_02_create_reservation" time="0.249" /><testcase classname="tests.stayos_regression_test.TestReservationLifecycle" name="test_03_create_reservation_validation" time="0.046" /><testcase classname="tests.stayos_regression_test.TestReservationLifecycle" name="test_04_check_in_workspace" time="0.049" /><testcase classname="tests.stayos_regression_test.TestReservationLifecycle" name="test_05a_check_in_prerequisites" time="0.332" /><testcase classname="tests.stayos_regression_test.TestReservationLifecycle" name="test_05_check_in" time="0.107" /><testcase classname="tests.stayos_regression_test.TestReservationLifecycle" name="test_06_folio_for_reservation" time="0.056" /><testcase classname="tests.stayos_regression_test.TestReservationLifecycle" name="test_07_extend_stay" time="0.100" /><testcase classname="tests.stayos_regression_test.TestReservationLifecycle" name="test_08_extend_stay_invalid_earlier_date" time="0.047" /><testcase classname="tests.stayos_regression_test.TestReservationLifecycle" name="test_09_move_room" time="0.199" /><testcase classname="tests.stayos_regression_test.TestReservationLifecycle" name="test_10_add_charge_and_payment" time="0.267" /><testcase classname="tests.stayos_regression_test.TestReservationLifecycle" name="test_11_charge_validation" time="0.071" /><testcase classname="tests.stayos_regression_test.TestReservationLifecycle" name="test_12_receipt_pdf" time="0.058" /><testcase classname="tests.stayos_regression_test.TestReservationLifecycle" name="test_13_razorpay_order" time="0.102"><failure message="AssertionError: razorpay order failed: 500 {&quot;success&quot;:false,&quot;error&quot;:{&quot;code&quot;:&quot;RAZORPAY_NOT_CONFIGURED&quot;,&quot;message&quot;:&quot;Razorpay is not configured. Add RAZORPAY_KEY_ID and RAZORPAY_KEY_SECRET to stayos-api/.env and restart the API.&quot;,&quot;details&quot;:[],&quot;path&quot;:&quot;/api/v1/properties/ba84f3ab-ac61-49c2-9c17-96ade597f3d2/folios/3b9c239e-88c4-455d-8a21-6c48fdf66159/razorpay/order&quot;,&quot;method&quot;:&quot;POST&quot;,&quot;timestamp&quot;:&quot;2026-08-01T05:03:34.400Z&quot;,&quot;requestId&quot;:&quot;eceaa4ac-d16&#10;assert 500 in (200, 201)&#10; +  where 500 = &lt;Response [500]&gt;.status_code">E   AssertionError: razorpay order failed: 500 {"success":false,"error":{"code":"RAZORPAY_NOT_CONFIGURED","message":"Razorpay is not configured. Add RAZORPAY_KEY_ID and RAZORPAY_KEY_SECRET to stayos-api/.env and restart the API.","details":[],"path":"/api/v1/properties/ba84f3ab-ac61-49c2-9c17-96ade597f3d2/folios/3b9c239e-88c4-455d-8a21-6c48fdf66159/razorpay/order","method":"POST","timestamp":"2026-08-01T05:03:34.400Z","requestId":"eceaa4ac-d16
    assert 500 in (200, 201)
     +  where 500 = &lt;Response [500]&gt;.status_code</failure></testcase><testcase classname="tests.stayos_regression_test.TestReservationLifecycle" name="test_14_check_out" time="0.215" /><testcase classname="tests.stayos_regression_test.TestBilling" name="test_folios_list" time="0.050" /><testcase classname="tests.stayos_regression_test.TestBilling" name="test_billing_overview_kpis" time="0.048" /><testcase classname="tests.stayos_regression_test.TestBilling" name="test_folio_not_found" time="0.049" /><testcase classname="tests.stayos_regression_test.TestBilling" name="test_accounts_role_can_manage_billing" time="0.290" /><testcase classname="tests.stayos_regression_test.TestHousekeeping" name="test_dashboard_groups" time="0.255" /><testcase classname="tests.stayos_regression_test.TestHousekeeping" name="test_full_room_workflow_roundtrip" time="0.442" /><testcase classname="tests.stayos_regression_test.TestHousekeeping" name="test_needs_attention" time="0.056" /><testcase classname="tests.stayos_regression_test.TestHousekeeping" name="test_staff_access_enable_and_token_worklist" time="0.538" /><testcase classname="tests.stayos_regression_test.TestHousekeeping" name="test_staff_access_token_invalid" time="0.100" /><testcase classname="tests.stayos_regression_test.TestSettingsAndReports" name="test_owner_users_and_employees" time="0.140" /><testcase classname="tests.stayos_regression_test.TestSettingsAndReports" name="test_employees_department_filter" time="0.047" /><testcase classname="tests.stayos_regression_test.TestSettingsAndReports" name="test_reports_endpoints" time="0.249" /></testsuite></testsuites>