<?xml version="1.0" encoding="utf-8"?><testsuites name="pytest tests"><testsuite name="pytest" errors="0" failures="0" skipped="0" tests="26" time="1.076" timestamp="2026-08-17T06:08:39.244505+00:00" hostname="agent-env-a71ea308-abe7-4707-b88c-2e383a80068a"><testcase classname="backend.tests.test_rate_plans_snapshot_1cb.TestRatePlanCrud" name="test_create_rate_plan" time="0.079" /><testcase classname="backend.tests.test_rate_plans_snapshot_1cb.TestRatePlanCrud" name="test_list_rate_plans_contains_created" time="0.005" /><testcase classname="backend.tests.test_rate_plans_snapshot_1cb.TestRatePlanCrud" name="test_get_rate_plan" time="0.004" /><testcase classname="backend.tests.test_rate_plans_snapshot_1cb.TestRatePlanCrud" name="test_patch_rate_plan_status_inactive" time="0.011" /><testcase classname="backend.tests.test_rate_plans_snapshot_1cb.TestRatePlanCrud" name="test_reject_invalid_meal_plan" time="0.003" /><testcase classname="backend.tests.test_rate_plans_snapshot_1cb.TestRatePlanCrud" name="test_reject_lowercase_code" time="0.003" /><testcase classname="backend.tests.test_rate_plans_snapshot_1cb.TestRatePlanCrud" name="test_reject_code_with_invalid_chars" time="0.003" /><testcase classname="backend.tests.test_rate_plans_snapshot_1cb.TestRatePlanCrud" name="test_duplicate_code_conflict" time="0.004" /><testcase classname="backend.tests.test_rate_plans_snapshot_1cb.TestApplicability" name="test_upsert_and_list_room_type" time="0.033" /><testcase classname="backend.tests.test_rate_plans_snapshot_1cb.TestApplicability" name="test_upsert_updates_existing" time="0.012" /><testcase classname="backend.tests.test_rate_plans_snapshot_1cb.TestApplicability" name="test_reject_non_numeric_money" time="0.004" /><testcase classname="backend.tests.test_rate_plans_snapshot_1cb.TestApplicability" name="test_delete_room_type_applicability" time="0.010" /><testcase classname="backend.tests.test_rate_plans_snapshot_1cb.TestDailyRates" name="test_create_list_delete_daily_rate" time="0.061" /><testcase classname="backend.tests.test_rate_plans_snapshot_1cb.TestDailyRates" name="test_reject_bad_amount" time="0.004" /><testcase classname="backend.tests.test_rate_plans_snapshot_1cb.TestPricedSnapshot" name="test_priced_snapshot_totals" time="0.056" /><testcase classname="backend.tests.test_rate_plans_snapshot_1cb.TestPricedSnapshot" name="test_snapshot_policies_resolved" time="0.007" /><testcase classname="backend.tests.test_rate_plans_snapshot_1cb.TestPricedSnapshot" name="test_snapshot_not_exposed_on_reservation_detail" time="0.029" /><testcase classname="backend.tests.test_rate_plans_snapshot_1cb.TestPricedSnapshot" name="test_snapshot_immutable_on_reread" time="0.009" /><testcase classname="backend.tests.test_rate_plans_snapshot_1cb.TestDailyOverrideSnapshot" name="test_override_reflected" time="0.051" /><testcase classname="backend.tests.test_rate_plans_snapshot_1cb.TestDefaultFallback" name="test_default_plan_used_when_rate_plan_omitted" time="0.076" /><testcase classname="backend.tests.test_rate_plans_snapshot_1cb.TestUnpriced" name="test_unpriced_when_no_applicable_plan" time="0.178" /><testcase classname="backend.tests.test_rate_plans_snapshot_1cb.TestPendingDeferral" name="test_pending_has_no_snapshot_then_confirm_freezes" time="0.130" /><testcase classname="backend.tests.test_rate_plans_snapshot_1cb.TestInapplicablePlanRollback" name="test_inapplicable_plan_fails_and_rolls_back" time="0.098" /><testcase classname="backend.tests.test_rate_plans_snapshot_1cb.TestInapplicablePlanRollback" name="test_inactive_plan_rejected" time="0.027" /><testcase classname="backend.tests.test_rate_plans_snapshot_1cb.TestInapplicablePlanRollback" name="test_unknown_plan_rejected" time="0.006" /><testcase classname="backend.tests.test_rate_plans_snapshot_1cb" name="test_zz_cleanup" time="0.060" /></testsuite></testsuites>