<?xml version="1.0" encoding="utf-8"?><testsuites name="pytest tests"><testsuite name="pytest" errors="0" failures="0" skipped="0" tests="23" time="1.311" timestamp="2026-07-30T10:58:22.740596+00:00" hostname="agent-env-74a8720a-4322-499a-bf79-47af279c926d"><testcase classname="tests.backend_test.TestGitFlatten" name="test_nested_git_dir_removed" time="0.075" /><testcase classname="tests.backend_test.TestGitFlatten" name="test_module_cache_removed" time="0.000" /><testcase classname="tests.backend_test.TestGitFlatten" name="test_no_gitlink_entries" time="0.003" /><testcase classname="tests.backend_test.TestGitFlatten" name="test_status_shows_added_and_old_gitlink_deleted" time="0.004" /><testcase classname="tests.backend_test.TestGitFlatten" name="test_key_files_staged_and_on_disk[stayos-api/package.json]" time="0.003" /><testcase classname="tests.backend_test.TestGitFlatten" name="test_key_files_staged_and_on_disk[stayos-api/src/main.ts]" time="0.002" /><testcase classname="tests.backend_test.TestGitFlatten" name="test_key_files_staged_and_on_disk[stayos-api/src/app.module.ts]" time="0.002" /><testcase classname="tests.backend_test.TestGitFlatten" name="test_key_files_staged_and_on_disk[stayos-api/src/core/billing/billing.controller.ts]" time="0.002" /><testcase classname="tests.backend_test.TestGitFlatten" name="test_key_files_staged_and_on_disk[stayos-api/src/database/migrations/1783924200000-CreateBillingTables.ts]" time="0.002" /><testcase classname="tests.backend_test.TestGitFlatten" name="test_key_files_staged_and_on_disk[stayos-api/scripts/bootstrap-billing.js]" time="0.002" /><testcase classname="tests.backend_test.TestGitFlatten" name="test_sensitive_or_generated_not_tracked[stayos-api/.env]" time="0.002" /><testcase classname="tests.backend_test.TestGitFlatten" name="test_sensitive_or_generated_not_tracked[stayos-api/node_modules]" time="0.002" /><testcase classname="tests.backend_test.TestGitFlatten" name="test_sensitive_or_generated_not_tracked[stayos-api/dist]" time="0.002" /><testcase classname="tests.backend_test.TestGitFlatten" name="test_no_untracked_leftovers" time="0.004" /><testcase classname="tests.backend_test.TestRuntime" name="test_supervisor_services_running" time="0.166" /><testcase classname="tests.backend_test.TestRuntime" name="test_health_local_and_preview" time="0.219" /><testcase classname="tests.backend_test.TestRuntime" name="test_frontend_routes[/login]" time="0.065" /><testcase classname="tests.backend_test.TestRuntime" name="test_frontend_routes[/billing]" time="0.037" /><testcase classname="tests.backend_test.TestAuthAndBilling" name="test_admin_login" time="0.056" /><testcase classname="tests.backend_test.TestAuthAndBilling" name="test_accounts_login_and_folios" time="0.066" /><testcase classname="tests.backend_test.TestAuthAndBilling" name="test_folios_requires_auth" time="0.058" /><testcase classname="tests.backend_test.TestAuthAndBilling" name="test_invalid_credentials_rejected" time="0.048" /><testcase classname="tests.backend_test.TestAuthAndBilling" name="test_folios_via_preview_url" time="0.288" /></testsuite></testsuites>