<?xml version="1.0" encoding="utf-8"?><testsuites name="pytest tests"><testsuite name="pytest" errors="0" failures="0" skipped="0" tests="59" time="0.972" timestamp="2026-08-16T18:41:35.853747+00:00" hostname="agent-env-a71ea308-abe7-4707-b88c-2e383a80068a"><testcase classname="tests.test_group_deposit_single_source.TestMigratedSource" name="test_group_deposit_policy_row_exists" time="0.058" /><testcase classname="tests.test_group_deposit_single_source.TestMigratedSource" name="test_legacy_columns_dropped" time="0.004" /><testcase classname="tests.test_group_deposit_single_source.TestFacadeSingleSource" name="test_patch_percentage_reflected_in_property_and_policy" time="0.015" /><testcase classname="tests.test_group_deposit_single_source.TestFacadeSingleSource" name="test_direct_policy_put_visible_through_facade" time="0.014" /><testcase classname="tests.test_group_deposit_single_source.TestFacadeValidation" name="test_percentage_over_100_rejected" time="0.005" /><testcase classname="tests.test_group_deposit_single_source.TestFacadeValidation" name="test_fixed_amount_zero_rejected" time="0.005" /><testcase classname="tests.test_group_deposit_single_source.TestFacadeValidation" name="test_invalid_attempts_did_not_mutate_policy" time="0.004" /><testcase classname="tests.test_group_deposit_single_source.TestFacadeValidation" name="test_fixed_amount_5000_accepted_and_reflected" time="0.014" /><testcase classname="tests.test_group_deposit_single_source.TestFacadeValidation" name="test_none_without_value_accepted_and_zeroed" time="0.012" /><testcase classname="tests.test_group_deposit_single_source.TestGroupRoomMixUsesPolicies" name="test_percentage_reflected_in_suggestions" time="0.018" /><testcase classname="tests.test_group_deposit_single_source.TestGroupRoomMixUsesPolicies" name="test_none_reflected_in_suggestions_no_400" time="0.039" /><testcase classname="tests.test_group_deposit_single_source.TestGroupRoomMixUsesPolicies" name="test_direct_policy_put_reflected_in_suggestions" time="0.014" /><testcase classname="tests.test_group_deposit_single_source.TestFacadeEdgeCases" name="test_value_without_type_rejected" time="0.004" /><testcase classname="tests.test_group_deposit_single_source.TestFacadeEdgeCases" name="test_none_with_value_rejected" time="0.004" /><testcase classname="tests.test_group_deposit_single_source.TestFacadeEdgeCases" name="test_invalid_type_rejected" time="0.003" /><testcase classname="tests.test_group_deposit_single_source.TestFacadeEdgeCases" name="test_patch_is_atomic_when_policy_write_fails" time="0.010" /><testcase classname="tests.test_group_deposit_single_source.TestFacadeEdgeCases" name="test_readonly_cannot_patch_deposit" time="0.073" /><testcase classname="tests.test_group_deposit_single_source.TestFacadeEdgeCases" name="test_unauthenticated_policy_read_rejected" time="0.009" /><testcase classname="tests.test_group_room_mix_deposit.TestGroupRoomMixDepositNone" name="test_none_policy_returns_200_with_zero_deposit" time="0.086" /><testcase classname="tests.test_group_room_mix_deposit.TestPolicyRegressions" name="test_percentage_policy_produces_positive_deposit" time="0.031" /><testcase classname="tests.test_group_room_mix_deposit.TestPolicyRegressions" name="test_fixed_amount_policy_persists" time="0.028" /><testcase classname="tests.test_group_room_mix_deposit.TestPolicyRegressions" name="test_invalid_percentage_rejected" time="0.034" /><testcase classname="tests.test_group_room_mix_deposit.TestPolicyRegressions" name="test_none_with_positive_value_rejected" time="0.015" /><testcase classname="tests.test_property_policies_billing_config.TestDepositPolicies" name="test_group_deposit_fixed_amount" time="0.061" /><testcase classname="tests.test_property_policies_billing_config.TestDepositPolicies" name="test_individual_deposit_percentage" time="0.007" /><testcase classname="tests.test_property_policies_billing_config.TestDepositPolicies" name="test_percentage_above_100_rejected" time="0.014" /><testcase classname="tests.test_property_policies_billing_config.TestDepositPolicies" name="test_deposit_mode_none_without_value" time="0.083" /><testcase classname="tests.test_property_policies_billing_config.TestDepositPolicies" name="test_deposit_mode_required" time="0.004" /><testcase classname="tests.test_property_policies_billing_config.TestChargePolicies" name="test_cancellation_first_night_with_cutoff" time="0.007" /><testcase classname="tests.test_property_policies_billing_config.TestChargePolicies" name="test_cancellation_percentage_over_100_rejected" time="0.003" /><testcase classname="tests.test_property_policies_billing_config.TestChargePolicies" name="test_first_night_not_allowed_for_fee_policies" time="0.003" /><testcase classname="tests.test_property_policies_billing_config.TestChargePolicies" name="test_late_checkout_fixed_amount_with_grace" time="0.007" /><testcase classname="tests.test_property_policies_billing_config.TestChargePolicies" name="test_no_show_first_night_allowed" time="0.005" /><testcase classname="tests.test_property_policies_billing_config.TestChargePolicies" name="test_charge_mode_required" time="0.004" /><testcase classname="tests.test_property_policies_billing_config.TestChargePolicies" name="test_percentage_requires_value" time="0.004" /><testcase classname="tests.test_property_policies_billing_config.TestStrictValidation" name="test_deposit_policy_rejects_charge_field" time="0.003" /><testcase classname="tests.test_property_policies_billing_config.TestStrictValidation" name="test_no_show_rejects_cancellation_cutoff" time="0.003" /><testcase classname="tests.test_property_policies_billing_config.TestStrictValidation" name="test_charge_policy_rejects_deposit_field" time="0.003" /><testcase classname="tests.test_property_policies_billing_config.TestStrictValidation" name="test_cancellation_rejects_grace_minutes" time="0.003" /><testcase classname="tests.test_property_policies_billing_config.TestStrictValidation" name="test_unknown_field_rejected" time="0.002" /><testcase classname="tests.test_property_policies_billing_config.TestStrictValidation" name="test_invalid_policy_type_in_url" time="0.002" /><testcase classname="tests.test_property_policies_billing_config.TestStrictValidation" name="test_invalid_policy_type_in_url_get" time="0.002" /><testcase classname="tests.test_property_policies_billing_config.TestStrictValidation" name="test_invalid_property_uuid" time="0.037" /><testcase classname="tests.test_property_policies_billing_config.TestStrictValidation" name="test_unknown_rate_plan_id_should_not_500" time="0.004" /><testcase classname="tests.test_property_policies_billing_config.TestStrictValidation" name="test_get_missing_policy_returns_null" time="0.003" /><testcase classname="tests.test_property_policies_billing_config.TestStrictValidation" name="test_unknown_property_id" time="0.003" /><testcase classname="tests.test_property_policies_billing_config.TestPolicyListing" name="test_list_policies" time="0.003" /><testcase classname="tests.test_property_policies_billing_config.TestBillingConfig" name="test_upsert_and_get" time="0.012" /><testcase classname="tests.test_property_policies_billing_config.TestBillingConfig" name="test_invalid_financial_year_month" time="0.003" /><testcase classname="tests.test_property_policies_billing_config.TestBillingConfig" name="test_invalid_next_invoice_number" time="0.003" /><testcase classname="tests.test_property_policies_billing_config.TestBillingConfig" name="test_unknown_field_rejected" time="0.003" /><testcase classname="tests.test_property_policies_billing_config.TestBillingConfig" name="test_invalid_prefix_characters" time="0.003" /><testcase classname="tests.test_property_policies_billing_config.TestBillingConfig" name="test_config_persisted_after_invalid_attempts" time="0.003" /><testcase classname="tests.test_property_policies_billing_config.TestBusinessDay" name="test_property_exposes_business_day_cutoff" time="0.003" /><testcase classname="tests.test_property_policies_billing_config.TestRbac" name="test_readonly_cannot_put_policy" time="0.070" /><testcase classname="tests.test_property_policies_billing_config.TestRbac" name="test_readonly_can_get_policies" time="0.003" /><testcase classname="tests.test_property_policies_billing_config.TestRbac" name="test_readonly_cannot_put_billing_config" time="0.002" /><testcase classname="tests.test_property_policies_billing_config.TestRbac" name="test_readonly_can_get_billing_config" time="0.003" /><testcase classname="tests.test_property_policies_billing_config.TestRbac" name="test_unauthenticated_rejected" time="0.002" /></testsuite></testsuites>