<?xml version="1.0" encoding="utf-8"?><testsuites name="pytest tests"><testsuite name="pytest" errors="0" failures="0" skipped="0" tests="41" time="0.652" timestamp="2026-08-16T18:23:01.110683+00:00" hostname="agent-env-a71ea308-abe7-4707-b88c-2e383a80068a"><testcase classname="tests.test_group_room_mix_deposit.TestGroupRoomMixDepositNone" name="test_none_policy_returns_200_with_zero_deposit" time="0.070" /><testcase classname="tests.test_group_room_mix_deposit.TestPolicyRegressions" name="test_percentage_policy_produces_positive_deposit" time="0.089" /><testcase classname="tests.test_group_room_mix_deposit.TestPolicyRegressions" name="test_fixed_amount_policy_persists" time="0.083" /><testcase classname="tests.test_group_room_mix_deposit.TestPolicyRegressions" name="test_invalid_percentage_rejected" time="0.003" /><testcase classname="tests.test_group_room_mix_deposit.TestPolicyRegressions" name="test_none_with_positive_value_rejected" time="0.013" /><testcase classname="tests.test_property_policies_billing_config.TestDepositPolicies" name="test_group_deposit_fixed_amount" time="0.075" /><testcase classname="tests.test_property_policies_billing_config.TestDepositPolicies" name="test_individual_deposit_percentage" time="0.007" /><testcase classname="tests.test_property_policies_billing_config.TestDepositPolicies" name="test_percentage_above_100_rejected" time="0.008" /><testcase classname="tests.test_property_policies_billing_config.TestDepositPolicies" name="test_deposit_mode_none_without_value" time="0.011" /><testcase classname="tests.test_property_policies_billing_config.TestDepositPolicies" name="test_deposit_mode_required" time="0.004" /><testcase classname="tests.test_property_policies_billing_config.TestChargePolicies" name="test_cancellation_first_night_with_cutoff" time="0.007" /><testcase classname="tests.test_property_policies_billing_config.TestChargePolicies" name="test_cancellation_percentage_over_100_rejected" time="0.003" /><testcase classname="tests.test_property_policies_billing_config.TestChargePolicies" name="test_first_night_not_allowed_for_fee_policies" time="0.003" /><testcase classname="tests.test_property_policies_billing_config.TestChargePolicies" name="test_late_checkout_fixed_amount_with_grace" time="0.006" /><testcase classname="tests.test_property_policies_billing_config.TestChargePolicies" name="test_no_show_first_night_allowed" time="0.003" /><testcase classname="tests.test_property_policies_billing_config.TestChargePolicies" name="test_charge_mode_required" time="0.004" /><testcase classname="tests.test_property_policies_billing_config.TestChargePolicies" name="test_percentage_requires_value" time="0.005" /><testcase classname="tests.test_property_policies_billing_config.TestStrictValidation" name="test_deposit_policy_rejects_charge_field" time="0.004" /><testcase classname="tests.test_property_policies_billing_config.TestStrictValidation" name="test_no_show_rejects_cancellation_cutoff" time="0.003" /><testcase classname="tests.test_property_policies_billing_config.TestStrictValidation" name="test_charge_policy_rejects_deposit_field" time="0.003" /><testcase classname="tests.test_property_policies_billing_config.TestStrictValidation" name="test_cancellation_rejects_grace_minutes" time="0.027" /><testcase classname="tests.test_property_policies_billing_config.TestStrictValidation" name="test_unknown_field_rejected" time="0.003" /><testcase classname="tests.test_property_policies_billing_config.TestStrictValidation" name="test_invalid_policy_type_in_url" time="0.003" /><testcase classname="tests.test_property_policies_billing_config.TestStrictValidation" name="test_invalid_policy_type_in_url_get" time="0.003" /><testcase classname="tests.test_property_policies_billing_config.TestStrictValidation" name="test_invalid_property_uuid" time="0.003" /><testcase classname="tests.test_property_policies_billing_config.TestStrictValidation" name="test_unknown_rate_plan_id_should_not_500" time="0.004" /><testcase classname="tests.test_property_policies_billing_config.TestStrictValidation" name="test_get_missing_policy_returns_null" time="0.004" /><testcase classname="tests.test_property_policies_billing_config.TestStrictValidation" name="test_unknown_property_id" time="0.006" /><testcase classname="tests.test_property_policies_billing_config.TestPolicyListing" name="test_list_policies" time="0.004" /><testcase classname="tests.test_property_policies_billing_config.TestBillingConfig" name="test_upsert_and_get" time="0.012" /><testcase classname="tests.test_property_policies_billing_config.TestBillingConfig" name="test_invalid_financial_year_month" time="0.003" /><testcase classname="tests.test_property_policies_billing_config.TestBillingConfig" name="test_invalid_next_invoice_number" time="0.003" /><testcase classname="tests.test_property_policies_billing_config.TestBillingConfig" name="test_unknown_field_rejected" time="0.003" /><testcase classname="tests.test_property_policies_billing_config.TestBillingConfig" name="test_invalid_prefix_characters" time="0.003" /><testcase classname="tests.test_property_policies_billing_config.TestBillingConfig" name="test_config_persisted_after_invalid_attempts" time="0.003" /><testcase classname="tests.test_property_policies_billing_config.TestBusinessDay" name="test_property_exposes_business_day_cutoff" time="0.003" /><testcase classname="tests.test_property_policies_billing_config.TestRbac" name="test_readonly_cannot_put_policy" time="0.087" /><testcase classname="tests.test_property_policies_billing_config.TestRbac" name="test_readonly_can_get_policies" time="0.004" /><testcase classname="tests.test_property_policies_billing_config.TestRbac" name="test_readonly_cannot_put_billing_config" time="0.002" /><testcase classname="tests.test_property_policies_billing_config.TestRbac" name="test_readonly_can_get_billing_config" time="0.003" /><testcase classname="tests.test_property_policies_billing_config.TestRbac" name="test_unauthenticated_rejected" time="0.002" /></testsuite></testsuites>