<?xml version="1.0" encoding="utf-8"?><testsuites name="pytest tests"><testsuite name="pytest" errors="0" failures="0" skipped="0" tests="53" time="3.569" timestamp="2026-08-16T19:37:53.148316+00:00" hostname="agent-env-a71ea308-abe7-4707-b88c-2e383a80068a"><testcase classname="tests.test_reservation_lifecycle.TestConfirm" name="test_confirm_pending_returns_200_and_snapshots" time="0.131" /><testcase classname="tests.test_reservation_lifecycle.TestConfirm" name="test_confirm_captures_policy_and_tax_snapshot" time="0.053" /><testcase classname="tests.test_reservation_lifecycle.TestConfirm" name="test_snapshot_is_frozen_on_reconfirm" time="0.151" /><testcase classname="tests.test_reservation_lifecycle.TestConfirm" name="test_reconfirm_confirmed_returns_400" time="0.011" /><testcase classname="tests.test_reservation_lifecycle.TestConfirm" name="test_confirm_checked_out_returns_400" time="0.003" /><testcase classname="tests.test_reservation_lifecycle.TestConfirm" name="test_confirm_cancelled_returns_400" time="0.016" /><testcase classname="tests.test_reservation_lifecycle.TestConfirm" name="test_confirm_unknown_reservation_returns_404" time="0.003" /><testcase classname="tests.test_reservation_lifecycle.TestCancel" name="test_cancel_confirmed_with_reason_returns_200" time="0.019" /><testcase classname="tests.test_reservation_lifecycle.TestCancel" name="test_cancel_pending_without_body_returns_200" time="0.029" /><testcase classname="tests.test_reservation_lifecycle.TestCancel" name="test_cancel_keeps_room_assignment" time="0.054" /><testcase classname="tests.test_reservation_lifecycle.TestCancel" name="test_cancel_terminal_returns_400" time="0.017" /><testcase classname="tests.test_reservation_lifecycle.TestCancel" name="test_cancel_checked_out_returns_400" time="0.004" /><testcase classname="tests.test_reservation_lifecycle.TestCancel" name="test_cancel_unknown_body_field_returns_400" time="0.021" /><testcase classname="tests.test_reservation_lifecycle.TestNoShow" name="test_no_show_confirmed_returns_200" time="0.020" /><testcase classname="tests.test_reservation_lifecycle.TestNoShow" name="test_no_show_pending_returns_200" time="0.012" /><testcase classname="tests.test_reservation_lifecycle.TestNoShow" name="test_no_show_terminal_returns_400" time="0.016" /><testcase classname="tests.test_reservation_lifecycle.TestNoShow" name="test_no_show_checked_out_returns_400" time="0.004" /><testcase classname="tests.test_reservation_lifecycle.TestNoShow" name="test_no_show_unknown_body_field_returns_400" time="0.009" /><testcase classname="tests.test_reservation_lifecycle.TestInvalidTransitions" name="test_check_out_confirmed_returns_400" time="0.047" /><testcase classname="tests.test_reservation_lifecycle.TestInvalidTransitions" name="test_check_in_confirmed_without_room_returns_400" time="0.009" /><testcase classname="tests.test_reservation_lifecycle.TestInvalidTransitions" name="test_check_in_terminal_returns_400" time="0.023" /><testcase classname="tests.test_reservation_lifecycle.TestInvalidTransitions" name="test_extend_confirmed_returns_400" time="0.073" /><testcase classname="tests.test_reservation_lifecycle.TestInvalidTransitions" name="test_move_room_confirmed_returns_400" time="0.010" /><testcase classname="tests.test_reservation_lifecycle.TestInvalidTransitions" name="test_assign_room_on_terminal_returns_400" time="0.015" /><testcase classname="tests.test_reservation_lifecycle.TestRbac" name="test_readonly_confirm_forbidden" time="0.095" /><testcase classname="tests.test_reservation_lifecycle.TestRbac" name="test_readonly_cancel_forbidden" time="0.010" /><testcase classname="tests.test_reservation_lifecycle.TestRbac" name="test_readonly_no_show_forbidden" time="0.051" /><testcase classname="tests.test_reservation_lifecycle.TestRbac" name="test_unauthenticated_confirm_returns_401" time="0.009" /><testcase classname="tests.test_reservation_lifecycle.TestRegressionWorkflow" name="test_assign_check_in_check_out_flow" time="0.148" /><testcase classname="tests.test_reservation_lifecycle.TestGenericPatchStatusBypass" name="test_generic_patch_cannot_jump_confirmed_to_checked_out" time="0.047" /><testcase classname="tests.test_reservation_lifecycle.TestGenericPatchStatusBypass" name="test_generic_patch_cannot_revive_terminal_reservation" time="0.021" /><testcase classname="tests.test_reservation_lifecycle.TestGenericPatchStatusBypass" name="test_generic_patch_status_cancelled_rejected" time="0.013" /><testcase classname="tests.test_reservation_lifecycle.TestGenericPatchStatusBypass" name="test_generic_patch_status_same_value_still_rejected" time="0.008" /><testcase classname="tests.test_reservation_lifecycle.TestGenericPatchStatusBypass" name="test_generic_patch_status_alongside_allowed_field_rejected" time="0.013" /><testcase classname="tests.test_reservation_lifecycle.TestGenericPatchStatusBypass" name="test_generic_patch_allowed_fields_still_work" time="0.050" /><testcase classname="tests.test_reservation_lifecycle.TestGenericPatchStatusBypass" name="test_generic_patch_room_assignment_still_works" time="0.093" /><testcase classname="tests.test_reservation_lifecycle.TestGenericPatchRelationUpdates" name="test_patch_assign_ready_room_persists_and_response_matches_get" time="0.032" /><testcase classname="tests.test_reservation_lifecycle.TestGenericPatchRelationUpdates" name="test_patch_room_id_null_unassigns_and_persists" time="0.066" /><testcase classname="tests.test_reservation_lifecycle.TestGenericPatchRelationUpdates" name="test_patch_room_type_id_persists_and_matches_get" time="0.025" /><testcase classname="tests.test_reservation_lifecycle.TestGenericPatchRelationUpdates" name="test_patch_guest_id_persists_and_matches_get" time="0.029" /><testcase classname="tests.test_reservation_lifecycle.TestGenericPatchRelationUpdates" name="test_patch_non_ready_room_returns_400_and_does_not_change_room" time="0.087" /><testcase classname="tests.test_reservation_lifecycle.TestGenericPatchRelationUpdates" name="test_hsdemo_0005_unassigned_confirmed_patch_roundtrip" time="0.031" /><testcase classname="tests.test_reservation_lifecycle.TestInventoryBoundary" name="test_cancel_hsdemo_0003_keeps_room_assignment" time="0.075" /><testcase classname="tests.test_reservation_lifecycle.TestInventoryBoundary" name="test_cancel_hsdemo_0003_emitted_release_event" time="0.077" /><testcase classname="tests.test_reservation_lifecycle.TestInventoryBoundary" name="test_no_show_hsdemo_0004_returns_200_and_releases" time="0.096" /><testcase classname="tests.test_reservation_lifecycle.TestInventoryBoundary" name="test_terminal_reservation_no_longer_consumes_but_keeps_room" time="0.140" /><testcase classname="tests.test_reservation_lifecycle.TestInventoryBoundary" name="test_no_show_fresh_reservation_emits_single_release_event" time="0.129" /><testcase classname="tests.test_reservation_lifecycle.TestInventoryBoundary" name="test_assign_and_unassign_do_not_release_inventory" time="0.319" /><testcase classname="tests.test_reservation_lifecycle.TestInventoryBoundary" name="test_confirmed_unassigned_reservation_is_inventory_consuming" time="0.141" /><testcase classname="tests.test_reservation_lifecycle.TestInventoryBoundary" name="test_pending_hold_consumes_until_cancelled" time="0.150" /><testcase classname="tests.test_reservation_lifecycle.TestInventoryBoundary" name="test_terminal_cancel_again_returns_400_and_no_duplicate_event" time="0.053" /><testcase classname="tests.test_reservation_lifecycle.TestInventoryBoundary" name="test_readonly_cannot_trigger_release" time="0.048" /><testcase classname="tests.test_reservation_lifecycle.TestInventoryBoundary" name="test_check_out_does_not_emit_inventory_release" time="0.608" /></testsuite></testsuites>