<?xml version="1.0" encoding="utf-8"?><testsuites name="pytest tests"><testsuite name="pytest" errors="0" failures="1" skipped="0" tests="36" time="1.553" timestamp="2026-08-16T19:03:29.066595+00:00" hostname="agent-env-a71ea308-abe7-4707-b88c-2e383a80068a"><testcase classname="tests.test_reservation_lifecycle.TestConfirm" name="test_confirm_pending_returns_200_and_snapshots" time="0.172" /><testcase classname="tests.test_reservation_lifecycle.TestConfirm" name="test_confirm_captures_policy_and_tax_snapshot" time="0.062" /><testcase classname="tests.test_reservation_lifecycle.TestConfirm" name="test_snapshot_is_frozen_on_reconfirm" time="0.128" /><testcase classname="tests.test_reservation_lifecycle.TestConfirm" name="test_reconfirm_confirmed_returns_400" time="0.017" /><testcase classname="tests.test_reservation_lifecycle.TestConfirm" name="test_confirm_checked_out_returns_400" time="0.007" /><testcase classname="tests.test_reservation_lifecycle.TestConfirm" name="test_confirm_cancelled_returns_400" time="0.020" /><testcase classname="tests.test_reservation_lifecycle.TestConfirm" name="test_confirm_unknown_reservation_returns_404" time="0.004" /><testcase classname="tests.test_reservation_lifecycle.TestCancel" name="test_cancel_confirmed_with_reason_returns_200" time="0.022" /><testcase classname="tests.test_reservation_lifecycle.TestCancel" name="test_cancel_pending_without_body_returns_200" time="0.014" /><testcase classname="tests.test_reservation_lifecycle.TestCancel" name="test_cancel_releases_room_assignment" time="0.048" /><testcase classname="tests.test_reservation_lifecycle.TestCancel" name="test_cancel_terminal_returns_400" time="0.020" /><testcase classname="tests.test_reservation_lifecycle.TestCancel" name="test_cancel_checked_out_returns_400" time="0.004" /><testcase classname="tests.test_reservation_lifecycle.TestCancel" name="test_cancel_unknown_body_field_returns_400" time="0.010" /><testcase classname="tests.test_reservation_lifecycle.TestNoShow" name="test_no_show_confirmed_returns_200" time="0.069" /><testcase classname="tests.test_reservation_lifecycle.TestNoShow" name="test_no_show_pending_returns_200" time="0.090" /><testcase classname="tests.test_reservation_lifecycle.TestNoShow" name="test_no_show_terminal_returns_400" time="0.021" /><testcase classname="tests.test_reservation_lifecycle.TestNoShow" name="test_no_show_checked_out_returns_400" time="0.005" /><testcase classname="tests.test_reservation_lifecycle.TestNoShow" name="test_no_show_unknown_body_field_returns_400" time="0.011" /><testcase classname="tests.test_reservation_lifecycle.TestInvalidTransitions" name="test_check_out_confirmed_returns_400" time="0.010" /><testcase classname="tests.test_reservation_lifecycle.TestInvalidTransitions" name="test_check_in_confirmed_without_room_returns_400" time="0.061" /><testcase classname="tests.test_reservation_lifecycle.TestInvalidTransitions" name="test_check_in_terminal_returns_400" time="0.016" /><testcase classname="tests.test_reservation_lifecycle.TestInvalidTransitions" name="test_extend_confirmed_returns_400" time="0.012" /><testcase classname="tests.test_reservation_lifecycle.TestInvalidTransitions" name="test_move_room_confirmed_returns_400" time="0.009" /><testcase classname="tests.test_reservation_lifecycle.TestInvalidTransitions" name="test_assign_room_on_terminal_returns_400" time="0.016" /><testcase classname="tests.test_reservation_lifecycle.TestRbac" name="test_readonly_confirm_forbidden" time="0.078" /><testcase classname="tests.test_reservation_lifecycle.TestRbac" name="test_readonly_cancel_forbidden" time="0.009" /><testcase classname="tests.test_reservation_lifecycle.TestRbac" name="test_readonly_no_show_forbidden" time="0.009" /><testcase classname="tests.test_reservation_lifecycle.TestRbac" name="test_unauthenticated_confirm_returns_401" time="0.008" /><testcase classname="tests.test_reservation_lifecycle.TestRegressionWorkflow" name="test_assign_check_in_check_out_flow" time="0.253" /><testcase classname="tests.test_reservation_lifecycle.TestGenericPatchStatusBypass" name="test_generic_patch_cannot_jump_confirmed_to_checked_out" time="0.013" /><testcase classname="tests.test_reservation_lifecycle.TestGenericPatchStatusBypass" name="test_generic_patch_cannot_revive_terminal_reservation" time="0.020" /><testcase classname="tests.test_reservation_lifecycle.TestGenericPatchStatusBypass" name="test_generic_patch_status_cancelled_rejected" time="0.041" /><testcase classname="tests.test_reservation_lifecycle.TestGenericPatchStatusBypass" name="test_generic_patch_status_same_value_still_rejected" time="0.009" /><testcase classname="tests.test_reservation_lifecycle.TestGenericPatchStatusBypass" name="test_generic_patch_status_alongside_allowed_field_rejected" time="0.014" /><testcase classname="tests.test_reservation_lifecycle.TestGenericPatchStatusBypass" name="test_generic_patch_allowed_fields_still_work" time="0.020" /><testcase classname="tests.test_reservation_lifecycle.TestGenericPatchStatusBypass" name="test_generic_patch_room_assignment_still_works" time="0.056"><failure message="AssertionError: assert None == 'e4949668-d2ab-44dd-901c-7edbfc7e1789'">tests/test_reservation_lifecycle.py:528: in test_generic_patch_room_assignment_still_works
    assert res.json()["data"]["roomId"] == room["id"]
E   AssertionError: assert None == 'e4949668-d2ab-44dd-901c-7edbfc7e1789'</failure></testcase></testsuite></testsuites>