<?xml version="1.0" encoding="utf-8"?><testsuites name="pytest tests"><testsuite name="pytest" errors="0" failures="0" skipped="0" tests="42" time="1.878" timestamp="2026-08-16T19:26:22.190666+00:00" hostname="agent-env-a71ea308-abe7-4707-b88c-2e383a80068a"><testcase classname="tests.test_reservation_lifecycle.TestConfirm" name="test_confirm_pending_returns_200_and_snapshots" time="0.129" /><testcase classname="tests.test_reservation_lifecycle.TestConfirm" name="test_confirm_captures_policy_and_tax_snapshot" time="0.086" /><testcase classname="tests.test_reservation_lifecycle.TestConfirm" name="test_snapshot_is_frozen_on_reconfirm" time="0.145" /><testcase classname="tests.test_reservation_lifecycle.TestConfirm" name="test_reconfirm_confirmed_returns_400" time="0.014" /><testcase classname="tests.test_reservation_lifecycle.TestConfirm" name="test_confirm_checked_out_returns_400" time="0.004" /><testcase classname="tests.test_reservation_lifecycle.TestConfirm" name="test_confirm_cancelled_returns_400" time="0.021" /><testcase classname="tests.test_reservation_lifecycle.TestConfirm" name="test_confirm_unknown_reservation_returns_404" time="0.004" /><testcase classname="tests.test_reservation_lifecycle.TestCancel" name="test_cancel_confirmed_with_reason_returns_200" time="0.022" /><testcase classname="tests.test_reservation_lifecycle.TestCancel" name="test_cancel_pending_without_body_returns_200" time="0.035" /><testcase classname="tests.test_reservation_lifecycle.TestCancel" name="test_cancel_releases_room_assignment" time="0.032" /><testcase classname="tests.test_reservation_lifecycle.TestCancel" name="test_cancel_terminal_returns_400" time="0.024" /><testcase classname="tests.test_reservation_lifecycle.TestCancel" name="test_cancel_checked_out_returns_400" time="0.005" /><testcase classname="tests.test_reservation_lifecycle.TestCancel" name="test_cancel_unknown_body_field_returns_400" time="0.031" /><testcase classname="tests.test_reservation_lifecycle.TestNoShow" name="test_no_show_confirmed_returns_200" time="0.028" /><testcase classname="tests.test_reservation_lifecycle.TestNoShow" name="test_no_show_pending_returns_200" time="0.015" /><testcase classname="tests.test_reservation_lifecycle.TestNoShow" name="test_no_show_terminal_returns_400" time="0.019" /><testcase classname="tests.test_reservation_lifecycle.TestNoShow" name="test_no_show_checked_out_returns_400" time="0.032" /><testcase classname="tests.test_reservation_lifecycle.TestNoShow" name="test_no_show_unknown_body_field_returns_400" time="0.014" /><testcase classname="tests.test_reservation_lifecycle.TestInvalidTransitions" name="test_check_out_confirmed_returns_400" time="0.012" /><testcase classname="tests.test_reservation_lifecycle.TestInvalidTransitions" name="test_check_in_confirmed_without_room_returns_400" time="0.012" /><testcase classname="tests.test_reservation_lifecycle.TestInvalidTransitions" name="test_check_in_terminal_returns_400" time="0.019" /><testcase classname="tests.test_reservation_lifecycle.TestInvalidTransitions" name="test_extend_confirmed_returns_400" time="0.039" /><testcase classname="tests.test_reservation_lifecycle.TestInvalidTransitions" name="test_move_room_confirmed_returns_400" time="0.024" /><testcase classname="tests.test_reservation_lifecycle.TestInvalidTransitions" name="test_assign_room_on_terminal_returns_400" time="0.089" /><testcase classname="tests.test_reservation_lifecycle.TestRbac" name="test_readonly_confirm_forbidden" time="0.087" /><testcase classname="tests.test_reservation_lifecycle.TestRbac" name="test_readonly_cancel_forbidden" time="0.013" /><testcase classname="tests.test_reservation_lifecycle.TestRbac" name="test_readonly_no_show_forbidden" time="0.011" /><testcase classname="tests.test_reservation_lifecycle.TestRbac" name="test_unauthenticated_confirm_returns_401" time="0.013" /><testcase classname="tests.test_reservation_lifecycle.TestRegressionWorkflow" name="test_assign_check_in_check_out_flow" time="0.291" /><testcase classname="tests.test_reservation_lifecycle.TestGenericPatchStatusBypass" name="test_generic_patch_cannot_jump_confirmed_to_checked_out" time="0.018" /><testcase classname="tests.test_reservation_lifecycle.TestGenericPatchStatusBypass" name="test_generic_patch_cannot_revive_terminal_reservation" time="0.023" /><testcase classname="tests.test_reservation_lifecycle.TestGenericPatchStatusBypass" name="test_generic_patch_status_cancelled_rejected" time="0.016" /><testcase classname="tests.test_reservation_lifecycle.TestGenericPatchStatusBypass" name="test_generic_patch_status_same_value_still_rejected" time="0.011" /><testcase classname="tests.test_reservation_lifecycle.TestGenericPatchStatusBypass" name="test_generic_patch_status_alongside_allowed_field_rejected" time="0.015" /><testcase classname="tests.test_reservation_lifecycle.TestGenericPatchStatusBypass" name="test_generic_patch_allowed_fields_still_work" time="0.026" /><testcase classname="tests.test_reservation_lifecycle.TestGenericPatchStatusBypass" name="test_generic_patch_room_assignment_still_works" time="0.032" /><testcase classname="tests.test_reservation_lifecycle.TestGenericPatchRelationUpdates" name="test_patch_assign_ready_room_persists_and_response_matches_get" time="0.028" /><testcase classname="tests.test_reservation_lifecycle.TestGenericPatchRelationUpdates" name="test_patch_room_id_null_unassigns_and_persists" time="0.062" /><testcase classname="tests.test_reservation_lifecycle.TestGenericPatchRelationUpdates" name="test_patch_room_type_id_persists_and_matches_get" time="0.027" /><testcase classname="tests.test_reservation_lifecycle.TestGenericPatchRelationUpdates" name="test_patch_guest_id_persists_and_matches_get" time="0.030" /><testcase classname="tests.test_reservation_lifecycle.TestGenericPatchRelationUpdates" name="test_patch_non_ready_room_returns_400_and_does_not_change_room" time="0.058" /><testcase classname="tests.test_reservation_lifecycle.TestGenericPatchRelationUpdates" name="test_hsdemo_0005_unassigned_confirmed_patch_roundtrip" time="0.033" /></testsuite></testsuites>