{"numFailedTestSuites":0,"numFailedTests":0,"numPassedTestSuites":1,"numPassedTests":13,"numPendingTestSuites":0,"numPendingTests":0,"numRuntimeErrorTestSuites":0,"numTodoTests":0,"numTotalTestSuites":1,"numTotalTests":13,"openHandles":[],"snapshot":{"added":0,"didUpdate":false,"failure":false,"filesAdded":0,"filesRemoved":0,"filesRemovedList":[],"filesUnmatched":0,"filesUpdated":0,"matched":0,"total":0,"unchecked":0,"uncheckedKeysByFile":[],"unmatched":0,"updated":0},"startTime":1788690481141,"success":true,"testResults":[{"assertionResults":[{"ancestorTitles":["BillingService"],"duration":10,"failureDetails":[],"failureMessages":[],"fullName":"BillingService assigns business_date to an explicit addCharge (server-side only)","invocations":1,"location":null,"numPassingAsserts":1,"retryReasons":[],"status":"passed","title":"assigns business_date to an explicit addCharge (server-side only)"},{"ancestorTitles":["BillingService"],"duration":3,"failureDetails":[],"failureMessages":[],"fullName":"BillingService assigns business_date to payments and refunds on create","invocations":1,"location":null,"numPassingAsserts":1,"retryReasons":[],"status":"passed","title":"assigns business_date to payments and refunds on create"},{"ancestorTitles":["BillingService"],"duration":2,"failureDetails":[],"failureMessages":[],"fullName":"BillingService assigns business_date when posting a policy charge on manager","invocations":1,"location":null,"numPassingAsserts":2,"retryReasons":[],"status":"passed","title":"assigns business_date when posting a policy charge on manager"},{"ancestorTitles":["BillingService"],"duration":3,"failureDetails":[],"failureMessages":[],"fullName":"BillingService creates a REVERSAL row with current authoritative businessDate when voiding a charge","invocations":1,"location":null,"numPassingAsserts":3,"retryReasons":[],"status":"passed","title":"creates a REVERSAL row with current authoritative businessDate when voiding a charge"},{"ancestorTitles":["BillingService"],"duration":6,"failureDetails":[],"failureMessages":[],"fullName":"BillingService does NOT auto-post a payment when creating a folio for a paid reservation (1D-a de-coupling)","invocations":1,"location":null,"numPassingAsserts":1,"retryReasons":[],"status":"passed","title":"does NOT auto-post a payment when creating a folio for a paid reservation (1D-a de-coupling)"},{"ancestorTitles":["BillingService"],"duration":3,"failureDetails":[],"failureMessages":[],"fullName":"BillingService returns an existing folio unchanged without backfilling any payment (1D-a de-coupling)","invocations":1,"location":null,"numPassingAsserts":1,"retryReasons":[],"status":"passed","title":"returns an existing folio unchanged without backfilling any payment (1D-a de-coupling)"},{"ancestorTitles":["BillingService"],"duration":4,"failureDetails":[],"failureMessages":[],"fullName":"BillingService posts a snapshot-linked full-stay ROOM charge when opening a folio for a priced reservation","invocations":1,"location":null,"numPassingAsserts":1,"retryReasons":[],"status":"passed","title":"posts a snapshot-linked full-stay ROOM charge when opening a folio for a priced reservation"},{"ancestorTitles":["BillingService"],"duration":10,"failureDetails":[],"failureMessages":[],"fullName":"BillingService reconciles an existing empty open folio by posting from the active priced snapshot","invocations":1,"location":null,"numPassingAsserts":1,"retryReasons":[],"status":"passed","title":"reconciles an existing empty open folio by posting from the active priced snapshot"},{"ancestorTitles":["BillingService","refunds"],"duration":5,"failureDetails":[],"failureMessages":[],"fullName":"BillingService refunds allows a partial refund below the remaining refundable amount","invocations":1,"location":null,"numPassingAsserts":2,"retryReasons":[],"status":"passed","title":"allows a partial refund below the remaining refundable amount"},{"ancestorTitles":["BillingService","refunds"],"duration":3,"failureDetails":[],"failureMessages":[],"fullName":"BillingService refunds allows an exact refund equal to the remaining refundable amount","invocations":1,"location":null,"numPassingAsserts":2,"retryReasons":[],"status":"passed","title":"allows an exact refund equal to the remaining refundable amount"},{"ancestorTitles":["BillingService","refunds"],"duration":47,"failureDetails":[],"failureMessages":[],"fullName":"BillingService refunds rejects an over-refund and creates no financial mutation","invocations":1,"location":null,"numPassingAsserts":4,"retryReasons":[],"status":"passed","title":"rejects an over-refund and creates no financial mutation"},{"ancestorTitles":["BillingService","refunds"],"duration":3,"failureDetails":[],"failureMessages":[],"fullName":"BillingService refunds rejects repeated refunds that cumulatively exceed the original payment","invocations":1,"location":null,"numPassingAsserts":3,"retryReasons":[],"status":"passed","title":"rejects repeated refunds that cumulatively exceed the original payment"},{"ancestorTitles":["BillingService","refunds"],"duration":2,"failureDetails":[],"failureMessages":[],"fullName":"BillingService refunds keeps net paid at zero after a full refund of a 2000 payment","invocations":1,"location":null,"numPassingAsserts":1,"retryReasons":[],"status":"passed","title":"keeps net paid at zero after a full refund of a 2000 payment"}],"endTime":1788690496777,"message":"","name":"C:\\Users\\Pourush\\Projects\\stayOS-fullstack\\stayos-fullstack\\stayos-api\\src\\core\\billing\\billing.service.spec.ts","startTime":1788690481440,"status":"passed","summary":""}],"wasInterrupted":false}
